<?xml version="1.0" encoding="UTF-8"?>
<!-- Generated by org.testng.reporters.JUnitXMLReporter -->
<testsuite hostname="Lenovo-Ray" ignored="4" name="MerchantSettlementInsert" tests="3" failures="0" timestamp="25 十月 2018 07:39:09 GMT" time="38.969" errors="0">
  <testcase name="testLogin" time="6.855" classname="com.dy.AutoTest.OperationPlatform.TestCases.LoginPageTest"/>
  <testcase name="testMerchantSettlementInsert" time="22.667" classname="com.dy.AutoTest.OperationPlatform.TestCases.MerchantManagementOnLine.OnLineMechantInfo.MerchantSettlementPageTest"/>
  <testcase name="testQuit" time="4.339" classname="com.dy.AutoTest.OperationPlatform.TestCases.MainMenuPageTest"/>
  <testcase name="testMechantInfoInsert" time="0.0" classname="com.dy.AutoTest.OperationPlatform.TestCases.MainMenuPageTest">
    <ignored/>
  </testcase> <!-- testMechantInfoInsert -->
  <testcase name="@BeforeTest BeforeTest" time="0.0" classname="com.dy.AutoTest.OperationPlatform.TestCases.SuperTest">
    <ignored/>
  </testcase> <!-- @BeforeTest BeforeTest -->
  <testcase name="@AfterTest AfterTest" time="0.0" classname="com.dy.AutoTest.OperationPlatform.TestCases.SuperTest">
    <ignored/>
  </testcase> <!-- @AfterTest AfterTest -->
  <testcase name="testGetCurrentAccountantDate" time="0.0" classname="com.dy.AutoTest.OperationPlatform.TestCases.MainMenuPageTest">
    <ignored/>
  </testcase> <!-- testGetCurrentAccountantDate -->
</testsuite> <!-- MerchantSettlementInsert -->
